<?xml version="1.0" encoding="UTF-8"?>
<testng-results skipped="0" failed="0" total="1" passed="1">
  <reporter-output>
  </reporter-output>
  <suite name="Default suite" duration-ms="119772" started-at="2022-04-12T07:04:21Z" finished-at="2022-04-12T07:06:21Z">
    <groups>
    </groups>
    <test name="Default test" duration-ms="119772" started-at="2022-04-12T07:04:21Z" finished-at="2022-04-12T07:06:21Z">
      <class name="CSV.Csv2Test">
        <test-method status="PASS" signature="setup()[pri:0, instance:CSV.Csv2Test@75412c2f]" name="setup" is-config="true" duration-ms="24077" started-at="2022-04-12T12:34:21Z" finished-at="2022-04-12T12:34:45Z">
          <reporter-output>
          </reporter-output>
        </test-method> <!-- setup -->
        <test-method status="PASS" signature="locatorsTestingBlog()[pri:0, instance:CSV.Csv2Test@75412c2f]" name="locatorsTestingBlog" duration-ms="94604" started-at="2022-04-12T12:34:45Z" finished-at="2022-04-12T12:36:20Z">
          <reporter-output>
          </reporter-output>
        </test-method> <!-- locatorsTestingBlog -->
        <test-method status="PASS" signature="tearDown()[pri:0, instance:CSV.Csv2Test@75412c2f]" name="tearDown" is-config="true" duration-ms="1015" started-at="2022-04-12T12:36:20Z" finished-at="2022-04-12T12:36:21Z">
          <reporter-output>
          </reporter-output>
        </test-method> <!-- tearDown -->
      </class> <!-- CSV.Csv2Test -->
    </test> <!-- Default test -->
  </suite> <!-- Default suite -->
</testng-results>
